<?xml version="1.0" encoding="UTF-8"?>
<testng-results ignored="0" total="1" passed="1" failed="0" skipped="0">
  <reporter-output>
  </reporter-output>
  <suite started-at="2023-03-30T17:27:14 IST" name="Suite" finished-at="2023-03-30T17:27:27 IST" duration-ms="13350">
    <groups>
    </groups>
    <test started-at="2023-03-30T17:27:14 IST" name="Test" finished-at="2023-03-30T17:27:27 IST" duration-ms="13350">
      <class name="Login_Test.Login">
        <test-method is-config="true" signature="Initial_Login(java.lang.String)[pri:0, instance:Login_Test.Login@9f116cc]" started-at="2023-03-30T17:27:15 IST" name="Initial_Login" finished-at="2023-03-30T17:27:22 IST" duration-ms="7867" status="PASS">
          <params>
            <param index="0">
              <value>
                <![CDATA[Chrome]]>
              </value>
            </param>
          </params>
          <reporter-output>
          </reporter-output>
        </test-method> <!-- Initial_Login -->
        <test-method signature="TC_Login_01(java.lang.String,java.lang.String)[pri:1, instance:Login_Test.Login@9f116cc]" started-at="2023-03-30T17:27:22 IST" name="TC_Login_01" data-provider="LoginData" finished-at="2023-03-30T17:27:27 IST" duration-ms="4814" status="PASS">
          <params>
            <param index="0">
              <value>
                <![CDATA[Akashsaha17051997@gmail.com]]>
              </value>
            </param>
            <param index="1">
              <value>
                <![CDATA[Akash@debika]]>
              </value>
            </param>
          </params>
          <reporter-output>
          </reporter-output>
        </test-method> <!-- TC_Login_01 -->
      </class> <!-- Login_Test.Login -->
    </test> <!-- Test -->
  </suite> <!-- Suite -->
</testng-results>
